SF:lib\api\client\api_client.g.dart
DA:12,0
DA:20,0
DA:22,0
DA:23,0
DA:24,0
DA:25,0
DA:26,0
DA:27,0
DA:28,0
DA:29,0
DA:30,0
DA:35,0
DA:37,0
DA:40,0
DA:42,0
DA:48,0
DA:50,0
DA:51,0
DA:52,0
DA:53,0
DA:54,0
DA:55,0
DA:56,0
DA:57,0
DA:58,0
DA:63,0
DA:65,0
DA:68,0
DA:70,0
DA:76,0
DA:77,0
DA:78,0
DA:79,0
DA:80,0
DA:81,0
DA:83,0
DA:89,0
DA:90,0
DA:94,0
DA:96,0
DA:97,0
DA:100,0
LF:42
LH:0
end_of_record
SF:lib\api\client\api_result.dart
DA:12,8
DA:16,2
DA:20,2
DA:22,2
DA:24,2
DA:25,2
DA:27,0
DA:33,0
DA:34,0
DA:35,0
LF:10
LH:6
end_of_record
SF:lib\api\data_source\register\remote_data_source\register_remote_data_source_impl.dart
DA:14,1
DA:16,1
DA:18,2
DA:19,3
DA:20,3
DA:21,1
DA:22,2
LF:7
LH:7
end_of_record
SF:lib\api\models\user_data\user_data_model.dart
DA:37,3
DA:54,0
DA:55,0
DA:58,0
DA:59,0
DA:62,3
DA:63,3
DA:64,3
DA:65,3
DA:66,3
DA:67,3
DA:68,3
DA:69,3
DA:70,3
DA:71,3
DA:72,3
DA:73,3
DA:74,3
LF:18
LH:14
end_of_record
SF:lib\api\models\user_data\user_data_model.g.dart
DA:9,0
DA:10,0
DA:11,0
DA:12,0
DA:13,0
DA:14,0
DA:15,0
DA:16,0
DA:17,0
DA:18,0
DA:19,0
DA:20,0
DA:21,0
DA:22,0
DA:23,0
DA:24,0
DA:25,0
DA:26,0
DA:27,0
DA:28,0
DA:31,0
DA:32,0
DA:33,0
DA:34,0
DA:35,0
DA:36,0
DA:37,0
DA:38,0
DA:39,0
DA:40,0
DA:41,0
DA:42,0
DA:43,0
DA:44,0
DA:45,0
DA:46,0
LF:36
LH:0
end_of_record
SF:lib\api\responses\register_response\register_response.dart
DA:15,1
DA:17,0
DA:18,0
DA:21,0
DA:22,0
LF:5
LH:1
end_of_record
SF:lib\api\responses\register_response\register_response.g.dart
DA:9,0
DA:10,0
DA:11,0
DA:12,0
DA:14,0
DA:15,0
DA:18,0
DA:19,0
DA:20,0
DA:21,0
DA:22,0
LF:11
LH:0
end_of_record
SF:lib\core\connection_manager\connection_manager.dart
DA:4,2
DA:5,2
DA:6,2
DA:7,2
DA:8,2
DA:10,2
LF:6
LH:6
end_of_record
SF:lib\core\secure_storage\secure_storage.dart
DA:11,0
DA:16,0
DA:18,0
DA:20,0
DA:21,0
DA:22,0
DA:26,0
DA:27,0
DA:30,0
DA:31,0
DA:34,0
DA:35,0
LF:12
LH:0
end_of_record
SF:lib\domain\entities\request\register_request_entity.dart
DA:10,4
LF:1
LH:1
end_of_record
SF:lib\domain\entities\user_data\user_data_entity.dart
DA:2,9
LF:1
LH:1
end_of_record
SF:lib\api\requests\login_request\login_request_model.dart
DA:12,1
DA:14,0
DA:15,0
DA:18,0
DA:19,0
LF:5
LH:1
end_of_record
SF:lib\api\requests\login_request\login_request_model.g.dart
DA:9,0
DA:10,0
DA:11,0
DA:12,0
DA:15,0
DA:16,0
LF:6
LH:0
end_of_record
SF:lib\api\requests\register_request\register_request.dart
DA:22,1
DA:32,0
DA:33,0
DA:36,0
DA:37,0
LF:5
LH:1
end_of_record
SF:lib\api\requests\register_request\register_request.g.dart
DA:9,0
DA:10,0
DA:11,0
DA:12,0
DA:13,0
DA:14,0
DA:15,0
DA:16,0
DA:17,0
DA:20,0
DA:21,0
DA:22,0
DA:23,0
DA:24,0
DA:25,0
DA:26,0
DA:27,0
DA:28,0
LF:18
LH:0
end_of_record
SF:lib\api\responses\login_response\login_response.dart
DA:15,1
DA:17,0
DA:18,0
DA:21,0
DA:22,0
LF:5
LH:1
end_of_record
SF:lib\api\responses\login_response\login_response.g.dart
DA:9,0
DA:10,0
DA:11,0
DA:12,0
DA:14,0
DA:15,0
DA:18,0
DA:19,0
DA:20,0
DA:21,0
DA:22,0
LF:11
LH:0
end_of_record
SF:lib\api\client\register_request_mapper.dart
DA:5,1
DA:8,1
DA:9,1
DA:10,1
DA:11,1
DA:12,1
DA:13,1
DA:14,1
DA:15,1
LF:9
LH:9
end_of_record
SF:lib\core\exceptions\dio_exceptions.dart
DA:7,0
DA:9,0
DA:10,0
DA:11,0
DA:12,0
DA:13,0
DA:18,0
DA:19,0
DA:22,0
DA:23,0
DA:28,0
DA:29,0
DA:30,0
DA:31,0
DA:36,0
DA:37,0
DA:40,0
DA:41,0
DA:47,0
DA:54,0
DA:55,0
DA:60,0
DA:61,0
DA:62,0
LF:24
LH:0
end_of_record
SF:lib\core\exceptions\response_exception.dart
DA:5,32
DA:9,0
DA:13,0
DA:14,0
DA:15,0
DA:16,0
DA:17,0
DA:20,0
LF:8
LH:1
end_of_record
SF:lib\api\client\request_maper.dart
DA:5,1
DA:8,1
DA:9,1
DA:10,1
LF:4
LH:4
end_of_record
SF:lib\domain\entities\requests\login_request\login_request_entity.dart
DA:5,4
LF:1
LH:1
end_of_record
SF:lib\api\data_source\login\remote_data_source\login_remote_data_source_impl.dart
DA:15,1
DA:16,1
DA:20,2
DA:21,2
DA:22,1
DA:24,3
DA:25,1
DA:26,2
LF:8
LH:8
end_of_record
SF:lib\data\repositories\login\login_repository_impl.dart
DA:11,1
DA:14,1
DA:18,2
LF:3
LH:3
end_of_record
SF:lib\data\repositories\register\register_repository_impl.dart
DA:10,1
DA:11,1
DA:13,2
LF:3
LH:3
end_of_record
SF:lib\domain\use_cases\login\login_with_email_and_password_use_case.dart
DA:10,1
DA:13,1
DA:16,2
LF:3
LH:3
end_of_record
SF:lib\domain\use_cases\register\register_use_case.dart
DA:10,1
DA:11,1
DA:12,2
LF:3
LH:3
end_of_record
SF:lib\core\cache\shared_preferences_helper.dart
DA:9,0
DA:11,0
DA:12,0
DA:15,0
DA:16,0
DA:19,0
DA:20,0
DA:21,0
DA:24,0
DA:25,0
DA:26,0
DA:29,0
DA:30,0
DA:31,0
DA:34,0
DA:35,0
DA:36,0
DA:39,0
DA:43,0
DA:44,0
DA:47,0
DA:48,0
DA:49,0
DA:52,0
DA:53,0
DA:54,0
DA:57,0
DA:58,0
DA:59,0
DA:62,0
DA:63,0
DA:64,0
DA:67,0
DA:68,0
DA:69,0
DA:72,0
DA:73,0
DA:74,0
DA:76,0
LF:39
LH:0
end_of_record
SF:lib\presentation\auth\login\views_model\login_cubit.dart
DA:21,1
DA:26,1
DA:35,1
DA:37,1
DA:38,1
DA:40,1
DA:41,1
DA:43,1
DA:44,1
DA:46,1
DA:47,1
DA:49,1
DA:50,1
DA:55,1
DA:56,2
DA:57,2
DA:58,2
DA:59,1
DA:60,1
DA:61,3
DA:64,0
DA:65,0
DA:66,0
DA:69,1
DA:70,3
DA:71,2
DA:73,2
DA:76,1
DA:77,2
DA:80,3
DA:83,2
DA:86,1
DA:87,3
DA:88,2
DA:90,2
DA:92,2
DA:94,1
DA:95,2
DA:98,1
DA:99,2
DA:101,2
DA:103,2
DA:105,2
DA:109,1
DA:110,2
DA:111,2
DA:114,1
DA:115,2
DA:116,2
DA:117,2
DA:118,2
DA:121,1
DA:122,3
DA:123,3
DA:124,2
DA:125,1
DA:126,2
DA:127,2
DA:131,1
DA:133,1
DA:134,3
DA:135,3
DA:138,1
DA:139,1
DA:140,2
DA:141,2
DA:147,0
DA:151,1
DA:152,3
DA:155,1
DA:157,2
DA:158,2
DA:159,1
LF:73
LH:69
end_of_record
SF:lib\presentation\auth\login\views_model\login_state.dart
DA:8,3
DA:10,1
DA:11,2
DA:13,1
DA:14,1
DA:19,0
DA:20,0
DA:24,1
DA:27,1
DA:29,1
DA:32,1
DA:33,2
DA:37,1
DA:40,1
DA:42,1
DA:45,1
DA:46,2
LF:17
LH:15
end_of_record
SF:lib\core\state_status\state_status.dart
DA:10,8
DA:12,3
DA:13,3
DA:14,3
DA:15,0
DA:16,2
DA:17,2
DA:19,0
DA:20,6
DA:21,6
DA:22,6
LF:11
LH:9
end_of_record
SF:lib\presentation\auth\register\view_model\register_cubit.dart
DA:19,2
DA:35,1
DA:37,1
DA:38,1
DA:40,1
DA:41,1
DA:43,1
DA:44,1
DA:46,0
DA:47,0
DA:49,0
DA:50,0
DA:52,0
DA:53,0
DA:57,1
DA:58,2
DA:59,2
DA:60,2
DA:61,2
DA:62,2
DA:63,2
DA:64,2
DA:65,1
DA:66,1
DA:69,0
DA:70,0
DA:71,0
DA:74,1
DA:75,3
DA:76,2
DA:78,4
DA:79,2
DA:82,0
DA:83,0
DA:84,0
DA:85,0
DA:88,1
DA:89,3
DA:90,3
DA:91,2
DA:92,1
DA:93,2
DA:94,2
DA:95,2
DA:96,2
DA:97,2
DA:98,2
DA:99,2
DA:103,1
DA:104,1
DA:105,3
DA:108,1
DA:109,5
DA:113,0
DA:117,0
DA:118,0
DA:119,0
DA:122,0
DA:123,0
LF:59
LH:40
end_of_record
SF:lib\presentation\auth\register\view_model\register_intent.dart
DA:15,0
LF:1
LH:0
end_of_record
SF:lib\presentation\auth\register\view_model\register_state.dart
DA:9,2
DA:11,1
DA:12,2
DA:14,1
DA:15,1
DA:16,0
DA:22,0
DA:23,0
DA:28,1
DA:29,1
DA:31,1
DA:33,1
DA:34,2
DA:39,1
DA:41,0
DA:43,0
DA:45,0
DA:46,0
DA:51,0
DA:52,0
DA:53,0
DA:57,0
DA:58,0
LF:23
LH:11
end_of_record
SF:lib\core\enum\gender.dart
DA:10,2
DA:12,0
DA:14,0
DA:16,0
LF:4
LH:1
end_of_record
SF:lib\utils\validations.dart
DA:4,1
DA:5,3
DA:11,0
DA:12,0
DA:18,1
DA:19,2
DA:20,1
DA:23,2
DA:29,1
DA:30,1
DA:33,3
DA:35,1
DA:36,1
DA:37,1
DA:38,1
DA:44,1
DA:45,1
DA:46,2
DA:49,2
DA:51,2
DA:53,2
DA:55,2
DA:57,2
DA:59,2
DA:65,0
DA:69,0
DA:70,0
DA:73,0
DA:75,0
DA:81,0
DA:82,0
DA:84,0
LF:32
LH:22
end_of_record
