SF:lib\api\models\user_data\user_data_model.dart
DA:31,2
DA:45,0
DA:46,0
DA:49,0
DA:50,0
DA:53,2
DA:54,2
DA:55,2
DA:56,2
DA:57,2
DA:58,2
DA:59,2
DA:60,2
DA:61,2
DA:62,2
DA:63,2
DA:64,2
LF:17
LH:13
end_of_record
SF:lib\api\models\user_data\user_data_model.g.dart
DA:9,0
DA:10,0
DA:11,0
DA:12,0
DA:13,0
DA:14,0
DA:15,0
DA:16,0
DA:17,0
DA:18,0
DA:19,0
DA:20,0
DA:21,0
DA:22,0
DA:23,0
DA:24,0
DA:25,0
DA:28,0
DA:29,0
DA:30,0
DA:31,0
DA:32,0
DA:33,0
DA:34,0
DA:35,0
DA:36,0
DA:37,0
DA:38,0
DA:39,0
DA:40,0
LF:30
LH:0
end_of_record
SF:lib\domain\entities\user_data\user_data_entity.dart
DA:2,5
LF:1
LH:1
end_of_record
SF:lib\utils\validations.dart
DA:4,0
DA:5,0
DA:11,0
DA:12,0
DA:18,0
DA:19,0
DA:20,0
DA:23,0
DA:29,1
DA:30,1
DA:33,3
DA:35,1
DA:36,1
DA:37,1
DA:38,1
DA:44,1
DA:45,1
DA:46,2
DA:49,2
DA:51,2
DA:53,2
DA:55,2
DA:57,2
DA:59,2
DA:65,0
DA:69,0
DA:70,0
DA:73,0
DA:75,0
DA:81,0
DA:82,0
DA:84,0
LF:32
LH:16
end_of_record
SF:lib\api\client\api_client.g.dart
DA:12,0
DA:20,0
DA:22,0
DA:23,0
DA:24,0
DA:25,0
DA:26,0
DA:27,0
DA:28,0
DA:29,0
DA:30,0
DA:35,0
DA:37,0
DA:40,0
DA:42,0
DA:48,0
DA:49,0
DA:50,0
DA:51,0
DA:52,0
DA:53,0
DA:55,0
DA:61,0
DA:62,0
DA:66,0
DA:68,0
DA:69,0
DA:72,0
LF:28
LH:0
end_of_record
SF:lib\api\requests\login_request\login_request.dart
DA:12,4
DA:14,0
DA:15,0
DA:18,0
DA:19,0
LF:5
LH:1
end_of_record
SF:lib\api\requests\login_request\login_request.g.dart
DA:9,0
DA:10,0
DA:11,0
DA:14,0
DA:15,0
LF:5
LH:0
end_of_record
SF:lib\api\responses\login_response\login_response.dart
DA:15,1
DA:17,0
DA:18,0
DA:21,0
DA:22,0
LF:5
LH:1
end_of_record
SF:lib\api\responses\login_response\login_response.g.dart
DA:9,0
DA:10,0
DA:11,0
DA:12,0
DA:14,0
DA:15,0
DA:18,0
DA:19,0
DA:20,0
DA:21,0
DA:22,0
LF:11
LH:0
end_of_record
SF:lib\api\client\api_result.dart
DA:12,4
DA:16,1
DA:20,1
DA:22,1
DA:24,1
DA:25,1
DA:27,0
DA:33,0
DA:34,0
DA:35,0
LF:10
LH:6
end_of_record
SF:lib\core\connection_manager\connection_manager.dart
DA:4,1
DA:5,1
DA:6,1
DA:7,1
DA:8,1
DA:10,1
LF:6
LH:6
end_of_record
SF:lib\core\exceptions\dio_exceptions.dart
DA:7,0
DA:9,0
DA:10,0
DA:11,0
DA:12,0
DA:13,0
DA:14,0
DA:18,0
DA:19,0
DA:20,0
DA:22,0
DA:23,0
DA:24,0
DA:28,0
DA:29,0
DA:30,0
DA:31,0
DA:32,0
DA:36,0
DA:37,0
DA:38,0
DA:40,0
DA:41,0
DA:42,0
DA:47,0
DA:48,0
DA:54,0
DA:55,0
DA:60,0
DA:61,0
DA:62,0
LF:31
LH:0
end_of_record
SF:lib\core\exceptions\response_exception.dart
DA:5,11
DA:9,0
DA:13,0
DA:14,0
DA:15,0
DA:16,0
DA:17,0
DA:20,0
LF:8
LH:1
end_of_record
SF:lib\api\data_source\login\remote_data_source\login_remote_data_source_impl.dart
DA:14,1
DA:15,1
DA:17,2
DA:18,2
DA:19,3
DA:20,1
DA:21,2
LF:7
LH:7
end_of_record
SF:lib\core\secure_storage\secure_storage.dart
DA:11,0
DA:16,0
DA:18,0
DA:20,0
DA:21,0
DA:22,0
DA:26,0
DA:27,0
DA:30,0
DA:31,0
DA:34,0
DA:35,0
LF:12
LH:0
end_of_record
SF:lib\data\repositories\login\login_repository_impl.dart
DA:11,1
DA:14,1
DA:16,2
LF:3
LH:3
end_of_record
SF:lib\domain\use_cases\login\login_with_email_and_password_use_case.dart
DA:10,1
DA:13,1
DA:16,2
LF:3
LH:3
end_of_record
SF:lib\core\cache\shared_preferences_helper.dart
DA:9,0
DA:11,0
DA:12,0
DA:15,0
DA:16,0
DA:19,0
DA:20,0
DA:21,0
DA:24,0
DA:25,0
DA:26,0
DA:29,0
DA:30,0
DA:31,0
DA:34,0
DA:35,0
DA:36,0
DA:39,0
DA:43,0
DA:44,0
DA:47,0
DA:48,0
DA:49,0
DA:52,0
DA:53,0
DA:54,0
DA:57,0
DA:58,0
DA:59,0
DA:62,0
DA:63,0
DA:64,0
DA:67,0
DA:68,0
DA:69,0
DA:72,0
DA:73,0
DA:74,0
DA:76,0
LF:39
LH:0
end_of_record
SF:lib\presentation\auth\login\views_model\login_cubit.dart
DA:20,1
DA:25,2
DA:34,1
DA:36,1
DA:37,1
DA:39,1
DA:40,1
DA:42,1
DA:43,1
DA:45,1
DA:46,1
DA:48,1
DA:49,1
DA:54,1
DA:55,2
DA:56,2
DA:57,2
DA:58,1
DA:59,1
DA:60,2
DA:63,0
DA:64,0
DA:65,0
DA:68,1
DA:69,3
DA:70,2
DA:72,2
DA:75,1
DA:76,3
DA:79,1
DA:80,2
DA:81,2
DA:83,1
DA:85,1
DA:86,2
DA:89,1
DA:90,2
DA:92,2
DA:94,2
DA:96,2
DA:100,1
DA:101,2
DA:102,2
DA:105,1
DA:106,2
DA:107,2
DA:108,2
DA:109,2
DA:112,1
DA:113,3
DA:114,2
DA:115,2
DA:116,1
DA:117,2
DA:118,2
DA:122,1
DA:124,1
DA:125,2
DA:126,2
DA:129,1
DA:130,3
DA:134,0
DA:138,1
DA:139,2
DA:142,1
DA:144,2
DA:145,2
DA:146,1
LF:68
LH:64
end_of_record
SF:lib\presentation\auth\login\views_model\login_state.dart
DA:10,1
DA:13,1
DA:15,1
DA:22,1
LF:4
LH:4
end_of_record
